Determining if the Q_WS_WIN exist failed with the following output:
Change Dir: /home/andres/Descargas/qtEjemplo/ejemplo1/build/CMakeFiles/CMakeTmp

Run Build Command:"/usr/bin/make" "cmTC_e927f/fast"
/usr/bin/make -f CMakeFiles/cmTC_e927f.dir/build.make CMakeFiles/cmTC_e927f.dir/build
make[1]: se entra en el directorio '/home/andres/Descargas/qtEjemplo/ejemplo1/build/CMakeFiles/CMakeTmp'
Building CXX object CMakeFiles/cmTC_e927f.dir/CheckSymbolExists.cxx.o
/usr/bin/c++   -I/usr/include/qt4   -o CMakeFiles/cmTC_e927f.dir/CheckSymbolExists.cxx.o -c /home/andres/Descargas/qtEjemplo/ejemplo1/build/CMakeFiles/CMakeTmp/CheckSymbolExists.cxx
/home/andres/Descargas/qtEjemplo/ejemplo1/build/CMakeFiles/CMakeTmp/CheckSymbolExists.cxx: In function ‘int main(int, char**)’:
/home/andres/Descargas/qtEjemplo/ejemplo1/build/CMakeFiles/CMakeTmp/CheckSymbolExists.cxx:8:19: error: ‘Q_WS_WIN’ was not declared in this scope
   return ((int*)(&Q_WS_WIN))[argc];
                   ^~~~~~~~
/home/andres/Descargas/qtEjemplo/ejemplo1/build/CMakeFiles/CMakeTmp/CheckSymbolExists.cxx:8:19: note: suggested alternative: ‘Q_WS_X11’
   return ((int*)(&Q_WS_WIN))[argc];
                   ^~~~~~~~
                   Q_WS_X11
CMakeFiles/cmTC_e927f.dir/build.make:65: recipe for target 'CMakeFiles/cmTC_e927f.dir/CheckSymbolExists.cxx.o' failed
make[1]: *** [CMakeFiles/cmTC_e927f.dir/CheckSymbolExists.cxx.o] Error 1
make[1]: se sale del directorio '/home/andres/Descargas/qtEjemplo/ejemplo1/build/CMakeFiles/CMakeTmp'
Makefile:126: recipe for target 'cmTC_e927f/fast' failed
make: *** [cmTC_e927f/fast] Error 2

File /home/andres/Descargas/qtEjemplo/ejemplo1/build/CMakeFiles/CMakeTmp/CheckSymbolExists.cxx:
/* */
#include <QtCore/qglobal.h>

int main(int argc, char** argv)
{
  (void)argv;
#ifndef Q_WS_WIN
  return ((int*)(&Q_WS_WIN))[argc];
#else
  (void)argc;
  return 0;
#endif
}

Determining if the Q_WS_QWS exist failed with the following output:
Change Dir: /home/andres/Descargas/qtEjemplo/ejemplo1/build/CMakeFiles/CMakeTmp

Run Build Command:"/usr/bin/make" "cmTC_e944a/fast"
/usr/bin/make -f CMakeFiles/cmTC_e944a.dir/build.make CMakeFiles/cmTC_e944a.dir/build
make[1]: se entra en el directorio '/home/andres/Descargas/qtEjemplo/ejemplo1/build/CMakeFiles/CMakeTmp'
Building CXX object CMakeFiles/cmTC_e944a.dir/CheckSymbolExists.cxx.o
/usr/bin/c++   -I/usr/include/qt4   -o CMakeFiles/cmTC_e944a.dir/CheckSymbolExists.cxx.o -c /home/andres/Descargas/qtEjemplo/ejemplo1/build/CMakeFiles/CMakeTmp/CheckSymbolExists.cxx
/home/andres/Descargas/qtEjemplo/ejemplo1/build/CMakeFiles/CMakeTmp/CheckSymbolExists.cxx: In function ‘int main(int, char**)’:
/home/andres/Descargas/qtEjemplo/ejemplo1/build/CMakeFiles/CMakeTmp/CheckSymbolExists.cxx:8:19: error: ‘Q_WS_QWS’ was not declared in this scope
   return ((int*)(&Q_WS_QWS))[argc];
                   ^~~~~~~~
/home/andres/Descargas/qtEjemplo/ejemplo1/build/CMakeFiles/CMakeTmp/CheckSymbolExists.cxx:8:19: note: suggested alternative: ‘Q_WS_X11’
   return ((int*)(&Q_WS_QWS))[argc];
                   ^~~~~~~~
                   Q_WS_X11
CMakeFiles/cmTC_e944a.dir/build.make:65: recipe for target 'CMakeFiles/cmTC_e944a.dir/CheckSymbolExists.cxx.o' failed
make[1]: *** [CMakeFiles/cmTC_e944a.dir/CheckSymbolExists.cxx.o] Error 1
make[1]: se sale del directorio '/home/andres/Descargas/qtEjemplo/ejemplo1/build/CMakeFiles/CMakeTmp'
Makefile:126: recipe for target 'cmTC_e944a/fast' failed
make: *** [cmTC_e944a/fast] Error 2

File /home/andres/Descargas/qtEjemplo/ejemplo1/build/CMakeFiles/CMakeTmp/CheckSymbolExists.cxx:
/* */
#include <QtCore/qglobal.h>

int main(int argc, char** argv)
{
  (void)argv;
#ifndef Q_WS_QWS
  return ((int*)(&Q_WS_QWS))[argc];
#else
  (void)argc;
  return 0;
#endif
}

Determining if the Q_WS_MAC exist failed with the following output:
Change Dir: /home/andres/Descargas/qtEjemplo/ejemplo1/build/CMakeFiles/CMakeTmp

Run Build Command:"/usr/bin/make" "cmTC_ce6d4/fast"
/usr/bin/make -f CMakeFiles/cmTC_ce6d4.dir/build.make CMakeFiles/cmTC_ce6d4.dir/build
make[1]: se entra en el directorio '/home/andres/Descargas/qtEjemplo/ejemplo1/build/CMakeFiles/CMakeTmp'
Building CXX object CMakeFiles/cmTC_ce6d4.dir/CheckSymbolExists.cxx.o
/usr/bin/c++   -I/usr/include/qt4   -o CMakeFiles/cmTC_ce6d4.dir/CheckSymbolExists.cxx.o -c /home/andres/Descargas/qtEjemplo/ejemplo1/build/CMakeFiles/CMakeTmp/CheckSymbolExists.cxx
/home/andres/Descargas/qtEjemplo/ejemplo1/build/CMakeFiles/CMakeTmp/CheckSymbolExists.cxx: In function ‘int main(int, char**)’:
/home/andres/Descargas/qtEjemplo/ejemplo1/build/CMakeFiles/CMakeTmp/CheckSymbolExists.cxx:8:19: error: ‘Q_WS_MAC’ was not declared in this scope
   return ((int*)(&Q_WS_MAC))[argc];
                   ^~~~~~~~
/home/andres/Descargas/qtEjemplo/ejemplo1/build/CMakeFiles/CMakeTmp/CheckSymbolExists.cxx:8:19: note: suggested alternative: ‘Q_WS_X11’
   return ((int*)(&Q_WS_MAC))[argc];
                   ^~~~~~~~
                   Q_WS_X11
CMakeFiles/cmTC_ce6d4.dir/build.make:65: recipe for target 'CMakeFiles/cmTC_ce6d4.dir/CheckSymbolExists.cxx.o' failed
make[1]: *** [CMakeFiles/cmTC_ce6d4.dir/CheckSymbolExists.cxx.o] Error 1
make[1]: se sale del directorio '/home/andres/Descargas/qtEjemplo/ejemplo1/build/CMakeFiles/CMakeTmp'
Makefile:126: recipe for target 'cmTC_ce6d4/fast' failed
make: *** [cmTC_ce6d4/fast] Error 2

File /home/andres/Descargas/qtEjemplo/ejemplo1/build/CMakeFiles/CMakeTmp/CheckSymbolExists.cxx:
/* */
#include <QtCore/qglobal.h>

int main(int argc, char** argv)
{
  (void)argv;
#ifndef Q_WS_MAC
  return ((int*)(&Q_WS_MAC))[argc];
#else
  (void)argc;
  return 0;
#endif
}

