Determining if the Q_WS_WIN exist failed with the following output:
Change Dir: /home/carmen/robocomp/components/GrupoAC/practica2/CMakeFiles/CMakeTmp

Run Build Command:"/usr/bin/make" "cmTC_89907/fast"
/usr/bin/make -f CMakeFiles/cmTC_89907.dir/build.make CMakeFiles/cmTC_89907.dir/build
make[1]: se entra en el directorio '/home/carmen/robocomp/components/GrupoAC/practica2/CMakeFiles/CMakeTmp'
Building CXX object CMakeFiles/cmTC_89907.dir/CheckSymbolExists.cxx.o
/usr/bin/c++   -I/usr/include/qt4   -o CMakeFiles/cmTC_89907.dir/CheckSymbolExists.cxx.o -c /home/carmen/robocomp/components/GrupoAC/practica2/CMakeFiles/CMakeTmp/CheckSymbolExists.cxx
/home/carmen/robocomp/components/GrupoAC/practica2/CMakeFiles/CMakeTmp/CheckSymbolExists.cxx: In function ‘int main(int, char**)’:
/home/carmen/robocomp/components/GrupoAC/practica2/CMakeFiles/CMakeTmp/CheckSymbolExists.cxx:8:19: error: ‘Q_WS_WIN’ was not declared in this scope
   return ((int*)(&Q_WS_WIN))[argc];
                   ^~~~~~~~
/home/carmen/robocomp/components/GrupoAC/practica2/CMakeFiles/CMakeTmp/CheckSymbolExists.cxx:8:19: note: suggested alternative: ‘Q_WS_X11’
   return ((int*)(&Q_WS_WIN))[argc];
                   ^~~~~~~~
                   Q_WS_X11
CMakeFiles/cmTC_89907.dir/build.make:65: recipe for target 'CMakeFiles/cmTC_89907.dir/CheckSymbolExists.cxx.o' failed
make[1]: *** [CMakeFiles/cmTC_89907.dir/CheckSymbolExists.cxx.o] Error 1
make[1]: se sale del directorio '/home/carmen/robocomp/components/GrupoAC/practica2/CMakeFiles/CMakeTmp'
Makefile:126: recipe for target 'cmTC_89907/fast' failed
make: *** [cmTC_89907/fast] Error 2

File /home/carmen/robocomp/components/GrupoAC/practica2/CMakeFiles/CMakeTmp/CheckSymbolExists.cxx:
/* */
#include <QtCore/qglobal.h>

int main(int argc, char** argv)
{
  (void)argv;
#ifndef Q_WS_WIN
  return ((int*)(&Q_WS_WIN))[argc];
#else
  (void)argc;
  return 0;
#endif
}

Determining if the Q_WS_QWS exist failed with the following output:
Change Dir: /home/carmen/robocomp/components/GrupoAC/practica2/CMakeFiles/CMakeTmp

Run Build Command:"/usr/bin/make" "cmTC_eac74/fast"
/usr/bin/make -f CMakeFiles/cmTC_eac74.dir/build.make CMakeFiles/cmTC_eac74.dir/build
make[1]: se entra en el directorio '/home/carmen/robocomp/components/GrupoAC/practica2/CMakeFiles/CMakeTmp'
Building CXX object CMakeFiles/cmTC_eac74.dir/CheckSymbolExists.cxx.o
/usr/bin/c++   -I/usr/include/qt4   -o CMakeFiles/cmTC_eac74.dir/CheckSymbolExists.cxx.o -c /home/carmen/robocomp/components/GrupoAC/practica2/CMakeFiles/CMakeTmp/CheckSymbolExists.cxx
/home/carmen/robocomp/components/GrupoAC/practica2/CMakeFiles/CMakeTmp/CheckSymbolExists.cxx: In function ‘int main(int, char**)’:
/home/carmen/robocomp/components/GrupoAC/practica2/CMakeFiles/CMakeTmp/CheckSymbolExists.cxx:8:19: error: ‘Q_WS_QWS’ was not declared in this scope
   return ((int*)(&Q_WS_QWS))[argc];
                   ^~~~~~~~
/home/carmen/robocomp/components/GrupoAC/practica2/CMakeFiles/CMakeTmp/CheckSymbolExists.cxx:8:19: note: suggested alternative: ‘Q_WS_X11’
   return ((int*)(&Q_WS_QWS))[argc];
                   ^~~~~~~~
                   Q_WS_X11
CMakeFiles/cmTC_eac74.dir/build.make:65: recipe for target 'CMakeFiles/cmTC_eac74.dir/CheckSymbolExists.cxx.o' failed
make[1]: *** [CMakeFiles/cmTC_eac74.dir/CheckSymbolExists.cxx.o] Error 1
make[1]: se sale del directorio '/home/carmen/robocomp/components/GrupoAC/practica2/CMakeFiles/CMakeTmp'
Makefile:126: recipe for target 'cmTC_eac74/fast' failed
make: *** [cmTC_eac74/fast] Error 2

File /home/carmen/robocomp/components/GrupoAC/practica2/CMakeFiles/CMakeTmp/CheckSymbolExists.cxx:
/* */
#include <QtCore/qglobal.h>

int main(int argc, char** argv)
{
  (void)argv;
#ifndef Q_WS_QWS
  return ((int*)(&Q_WS_QWS))[argc];
#else
  (void)argc;
  return 0;
#endif
}

Determining if the Q_WS_MAC exist failed with the following output:
Change Dir: /home/carmen/robocomp/components/GrupoAC/practica2/CMakeFiles/CMakeTmp

Run Build Command:"/usr/bin/make" "cmTC_ce3cf/fast"
/usr/bin/make -f CMakeFiles/cmTC_ce3cf.dir/build.make CMakeFiles/cmTC_ce3cf.dir/build
make[1]: se entra en el directorio '/home/carmen/robocomp/components/GrupoAC/practica2/CMakeFiles/CMakeTmp'
Building CXX object CMakeFiles/cmTC_ce3cf.dir/CheckSymbolExists.cxx.o
/usr/bin/c++   -I/usr/include/qt4   -o CMakeFiles/cmTC_ce3cf.dir/CheckSymbolExists.cxx.o -c /home/carmen/robocomp/components/GrupoAC/practica2/CMakeFiles/CMakeTmp/CheckSymbolExists.cxx
/home/carmen/robocomp/components/GrupoAC/practica2/CMakeFiles/CMakeTmp/CheckSymbolExists.cxx: In function ‘int main(int, char**)’:
/home/carmen/robocomp/components/GrupoAC/practica2/CMakeFiles/CMakeTmp/CheckSymbolExists.cxx:8:19: error: ‘Q_WS_MAC’ was not declared in this scope
   return ((int*)(&Q_WS_MAC))[argc];
                   ^~~~~~~~
/home/carmen/robocomp/components/GrupoAC/practica2/CMakeFiles/CMakeTmp/CheckSymbolExists.cxx:8:19: note: suggested alternative: ‘Q_WS_X11’
   return ((int*)(&Q_WS_MAC))[argc];
                   ^~~~~~~~
                   Q_WS_X11
CMakeFiles/cmTC_ce3cf.dir/build.make:65: recipe for target 'CMakeFiles/cmTC_ce3cf.dir/CheckSymbolExists.cxx.o' failed
make[1]: *** [CMakeFiles/cmTC_ce3cf.dir/CheckSymbolExists.cxx.o] Error 1
make[1]: se sale del directorio '/home/carmen/robocomp/components/GrupoAC/practica2/CMakeFiles/CMakeTmp'
Makefile:126: recipe for target 'cmTC_ce3cf/fast' failed
make: *** [cmTC_ce3cf/fast] Error 2

File /home/carmen/robocomp/components/GrupoAC/practica2/CMakeFiles/CMakeTmp/CheckSymbolExists.cxx:
/* */
#include <QtCore/qglobal.h>

int main(int argc, char** argv)
{
  (void)argv;
#ifndef Q_WS_MAC
  return ((int*)(&Q_WS_MAC))[argc];
#else
  (void)argc;
  return 0;
#endif
}

Determining if the pthread_create exist failed with the following output:
Change Dir: /home/carmen/robocomp/components/GrupoAC/practica2/CMakeFiles/CMakeTmp

Run Build Command:"/usr/bin/make" "cmTC_801a6/fast"
/usr/bin/make -f CMakeFiles/cmTC_801a6.dir/build.make CMakeFiles/cmTC_801a6.dir/build
make[1]: se entra en el directorio '/home/carmen/robocomp/components/GrupoAC/practica2/CMakeFiles/CMakeTmp'
Building C object CMakeFiles/cmTC_801a6.dir/CheckSymbolExists.c.o
/usr/bin/cc    -o CMakeFiles/cmTC_801a6.dir/CheckSymbolExists.c.o   -c /home/carmen/robocomp/components/GrupoAC/practica2/CMakeFiles/CMakeTmp/CheckSymbolExists.c
Linking C executable cmTC_801a6
/usr/bin/cmake -E cmake_link_script CMakeFiles/cmTC_801a6.dir/link.txt --verbose=1
/usr/bin/cc      -rdynamic CMakeFiles/cmTC_801a6.dir/CheckSymbolExists.c.o  -o cmTC_801a6 
CMakeFiles/cmTC_801a6.dir/CheckSymbolExists.c.o: En la función `main':
CheckSymbolExists.c:(.text+0x1b): referencia a `pthread_create' sin definir
collect2: error: ld returned 1 exit status
CMakeFiles/cmTC_801a6.dir/build.make:97: recipe for target 'cmTC_801a6' failed
make[1]: *** [cmTC_801a6] Error 1
make[1]: se sale del directorio '/home/carmen/robocomp/components/GrupoAC/practica2/CMakeFiles/CMakeTmp'
Makefile:126: recipe for target 'cmTC_801a6/fast' failed
make: *** [cmTC_801a6/fast] Error 2

File /home/carmen/robocomp/components/GrupoAC/practica2/CMakeFiles/CMakeTmp/CheckSymbolExists.c:
/* */
#include <pthread.h>

int main(int argc, char** argv)
{
  (void)argv;
#ifndef pthread_create
  return ((int*)(&pthread_create))[argc];
#else
  (void)argc;
  return 0;
#endif
}

Determining if the function pthread_create exists in the pthreads failed with the following output:
Change Dir: /home/carmen/robocomp/components/GrupoAC/practica2/CMakeFiles/CMakeTmp

Run Build Command:"/usr/bin/make" "cmTC_69c7d/fast"
/usr/bin/make -f CMakeFiles/cmTC_69c7d.dir/build.make CMakeFiles/cmTC_69c7d.dir/build
make[1]: se entra en el directorio '/home/carmen/robocomp/components/GrupoAC/practica2/CMakeFiles/CMakeTmp'
Building C object CMakeFiles/cmTC_69c7d.dir/CheckFunctionExists.c.o
/usr/bin/cc   -DCHECK_FUNCTION_EXISTS=pthread_create   -o CMakeFiles/cmTC_69c7d.dir/CheckFunctionExists.c.o   -c /usr/share/cmake-3.10/Modules/CheckFunctionExists.c
Linking C executable cmTC_69c7d
/usr/bin/cmake -E cmake_link_script CMakeFiles/cmTC_69c7d.dir/link.txt --verbose=1
/usr/bin/cc  -DCHECK_FUNCTION_EXISTS=pthread_create    -rdynamic CMakeFiles/cmTC_69c7d.dir/CheckFunctionExists.c.o  -o cmTC_69c7d -lpthreads 
/usr/bin/x86_64-linux-gnu-ld: no se puede encontrar -lpthreads
collect2: error: ld returned 1 exit status
CMakeFiles/cmTC_69c7d.dir/build.make:97: recipe for target 'cmTC_69c7d' failed
make[1]: *** [cmTC_69c7d] Error 1
make[1]: se sale del directorio '/home/carmen/robocomp/components/GrupoAC/practica2/CMakeFiles/CMakeTmp'
Makefile:126: recipe for target 'cmTC_69c7d/fast' failed
make: *** [cmTC_69c7d/fast] Error 2


