Determining if the Q_WS_WIN exist failed with the following output:
Change Dir: /home/carmen/robocomp/components/GrupoAC/practica5/build/CMakeFiles/CMakeTmp

Run Build Command:"/usr/bin/make" "cmTC_f4a19/fast"
/usr/bin/make -f CMakeFiles/cmTC_f4a19.dir/build.make CMakeFiles/cmTC_f4a19.dir/build
make[1]: se entra en el directorio '/home/carmen/robocomp/components/GrupoAC/practica5/build/CMakeFiles/CMakeTmp'
Building CXX object CMakeFiles/cmTC_f4a19.dir/CheckSymbolExists.cxx.o
/usr/bin/c++   -I/usr/include/qt4   -o CMakeFiles/cmTC_f4a19.dir/CheckSymbolExists.cxx.o -c /home/carmen/robocomp/components/GrupoAC/practica5/build/CMakeFiles/CMakeTmp/CheckSymbolExists.cxx
/home/carmen/robocomp/components/GrupoAC/practica5/build/CMakeFiles/CMakeTmp/CheckSymbolExists.cxx: In function ‘int main(int, char**)’:
/home/carmen/robocomp/components/GrupoAC/practica5/build/CMakeFiles/CMakeTmp/CheckSymbolExists.cxx:8:19: error: ‘Q_WS_WIN’ was not declared in this scope
   return ((int*)(&Q_WS_WIN))[argc];
                   ^~~~~~~~
/home/carmen/robocomp/components/GrupoAC/practica5/build/CMakeFiles/CMakeTmp/CheckSymbolExists.cxx:8:19: note: suggested alternative: ‘Q_WS_X11’
   return ((int*)(&Q_WS_WIN))[argc];
                   ^~~~~~~~
                   Q_WS_X11
CMakeFiles/cmTC_f4a19.dir/build.make:65: recipe for target 'CMakeFiles/cmTC_f4a19.dir/CheckSymbolExists.cxx.o' failed
make[1]: *** [CMakeFiles/cmTC_f4a19.dir/CheckSymbolExists.cxx.o] Error 1
make[1]: se sale del directorio '/home/carmen/robocomp/components/GrupoAC/practica5/build/CMakeFiles/CMakeTmp'
Makefile:126: recipe for target 'cmTC_f4a19/fast' failed
make: *** [cmTC_f4a19/fast] Error 2

File /home/carmen/robocomp/components/GrupoAC/practica5/build/CMakeFiles/CMakeTmp/CheckSymbolExists.cxx:
/* */
#include <QtCore/qglobal.h>

int main(int argc, char** argv)
{
  (void)argv;
#ifndef Q_WS_WIN
  return ((int*)(&Q_WS_WIN))[argc];
#else
  (void)argc;
  return 0;
#endif
}

Determining if the Q_WS_QWS exist failed with the following output:
Change Dir: /home/carmen/robocomp/components/GrupoAC/practica5/build/CMakeFiles/CMakeTmp

Run Build Command:"/usr/bin/make" "cmTC_c88bb/fast"
/usr/bin/make -f CMakeFiles/cmTC_c88bb.dir/build.make CMakeFiles/cmTC_c88bb.dir/build
make[1]: se entra en el directorio '/home/carmen/robocomp/components/GrupoAC/practica5/build/CMakeFiles/CMakeTmp'
Building CXX object CMakeFiles/cmTC_c88bb.dir/CheckSymbolExists.cxx.o
/usr/bin/c++   -I/usr/include/qt4   -o CMakeFiles/cmTC_c88bb.dir/CheckSymbolExists.cxx.o -c /home/carmen/robocomp/components/GrupoAC/practica5/build/CMakeFiles/CMakeTmp/CheckSymbolExists.cxx
/home/carmen/robocomp/components/GrupoAC/practica5/build/CMakeFiles/CMakeTmp/CheckSymbolExists.cxx: In function ‘int main(int, char**)’:
/home/carmen/robocomp/components/GrupoAC/practica5/build/CMakeFiles/CMakeTmp/CheckSymbolExists.cxx:8:19: error: ‘Q_WS_QWS’ was not declared in this scope
   return ((int*)(&Q_WS_QWS))[argc];
                   ^~~~~~~~
/home/carmen/robocomp/components/GrupoAC/practica5/build/CMakeFiles/CMakeTmp/CheckSymbolExists.cxx:8:19: note: suggested alternative: ‘Q_WS_X11’
   return ((int*)(&Q_WS_QWS))[argc];
                   ^~~~~~~~
                   Q_WS_X11
CMakeFiles/cmTC_c88bb.dir/build.make:65: recipe for target 'CMakeFiles/cmTC_c88bb.dir/CheckSymbolExists.cxx.o' failed
make[1]: *** [CMakeFiles/cmTC_c88bb.dir/CheckSymbolExists.cxx.o] Error 1
make[1]: se sale del directorio '/home/carmen/robocomp/components/GrupoAC/practica5/build/CMakeFiles/CMakeTmp'
Makefile:126: recipe for target 'cmTC_c88bb/fast' failed
make: *** [cmTC_c88bb/fast] Error 2

File /home/carmen/robocomp/components/GrupoAC/practica5/build/CMakeFiles/CMakeTmp/CheckSymbolExists.cxx:
/* */
#include <QtCore/qglobal.h>

int main(int argc, char** argv)
{
  (void)argv;
#ifndef Q_WS_QWS
  return ((int*)(&Q_WS_QWS))[argc];
#else
  (void)argc;
  return 0;
#endif
}

Determining if the Q_WS_MAC exist failed with the following output:
Change Dir: /home/carmen/robocomp/components/GrupoAC/practica5/build/CMakeFiles/CMakeTmp

Run Build Command:"/usr/bin/make" "cmTC_c346d/fast"
/usr/bin/make -f CMakeFiles/cmTC_c346d.dir/build.make CMakeFiles/cmTC_c346d.dir/build
make[1]: se entra en el directorio '/home/carmen/robocomp/components/GrupoAC/practica5/build/CMakeFiles/CMakeTmp'
Building CXX object CMakeFiles/cmTC_c346d.dir/CheckSymbolExists.cxx.o
/usr/bin/c++   -I/usr/include/qt4   -o CMakeFiles/cmTC_c346d.dir/CheckSymbolExists.cxx.o -c /home/carmen/robocomp/components/GrupoAC/practica5/build/CMakeFiles/CMakeTmp/CheckSymbolExists.cxx
/home/carmen/robocomp/components/GrupoAC/practica5/build/CMakeFiles/CMakeTmp/CheckSymbolExists.cxx: In function ‘int main(int, char**)’:
/home/carmen/robocomp/components/GrupoAC/practica5/build/CMakeFiles/CMakeTmp/CheckSymbolExists.cxx:8:19: error: ‘Q_WS_MAC’ was not declared in this scope
   return ((int*)(&Q_WS_MAC))[argc];
                   ^~~~~~~~
/home/carmen/robocomp/components/GrupoAC/practica5/build/CMakeFiles/CMakeTmp/CheckSymbolExists.cxx:8:19: note: suggested alternative: ‘Q_WS_X11’
   return ((int*)(&Q_WS_MAC))[argc];
                   ^~~~~~~~
                   Q_WS_X11
CMakeFiles/cmTC_c346d.dir/build.make:65: recipe for target 'CMakeFiles/cmTC_c346d.dir/CheckSymbolExists.cxx.o' failed
make[1]: *** [CMakeFiles/cmTC_c346d.dir/CheckSymbolExists.cxx.o] Error 1
make[1]: se sale del directorio '/home/carmen/robocomp/components/GrupoAC/practica5/build/CMakeFiles/CMakeTmp'
Makefile:126: recipe for target 'cmTC_c346d/fast' failed
make: *** [cmTC_c346d/fast] Error 2

File /home/carmen/robocomp/components/GrupoAC/practica5/build/CMakeFiles/CMakeTmp/CheckSymbolExists.cxx:
/* */
#include <QtCore/qglobal.h>

int main(int argc, char** argv)
{
  (void)argv;
#ifndef Q_WS_MAC
  return ((int*)(&Q_WS_MAC))[argc];
#else
  (void)argc;
  return 0;
#endif
}

Determining if the pthread_create exist failed with the following output:
Change Dir: /home/carmen/robocomp/components/GrupoAC/practica5/build/CMakeFiles/CMakeTmp

Run Build Command:"/usr/bin/make" "cmTC_745f2/fast"
/usr/bin/make -f CMakeFiles/cmTC_745f2.dir/build.make CMakeFiles/cmTC_745f2.dir/build
make[1]: se entra en el directorio '/home/carmen/robocomp/components/GrupoAC/practica5/build/CMakeFiles/CMakeTmp'
Building C object CMakeFiles/cmTC_745f2.dir/CheckSymbolExists.c.o
/usr/bin/cc    -o CMakeFiles/cmTC_745f2.dir/CheckSymbolExists.c.o   -c /home/carmen/robocomp/components/GrupoAC/practica5/build/CMakeFiles/CMakeTmp/CheckSymbolExists.c
Linking C executable cmTC_745f2
/usr/bin/cmake -E cmake_link_script CMakeFiles/cmTC_745f2.dir/link.txt --verbose=1
/usr/bin/cc      -rdynamic CMakeFiles/cmTC_745f2.dir/CheckSymbolExists.c.o  -o cmTC_745f2 
CMakeFiles/cmTC_745f2.dir/CheckSymbolExists.c.o: En la función `main':
CheckSymbolExists.c:(.text+0x1b): referencia a `pthread_create' sin definir
collect2: error: ld returned 1 exit status
CMakeFiles/cmTC_745f2.dir/build.make:97: recipe for target 'cmTC_745f2' failed
make[1]: *** [cmTC_745f2] Error 1
make[1]: se sale del directorio '/home/carmen/robocomp/components/GrupoAC/practica5/build/CMakeFiles/CMakeTmp'
Makefile:126: recipe for target 'cmTC_745f2/fast' failed
make: *** [cmTC_745f2/fast] Error 2

File /home/carmen/robocomp/components/GrupoAC/practica5/build/CMakeFiles/CMakeTmp/CheckSymbolExists.c:
/* */
#include <pthread.h>

int main(int argc, char** argv)
{
  (void)argv;
#ifndef pthread_create
  return ((int*)(&pthread_create))[argc];
#else
  (void)argc;
  return 0;
#endif
}

Determining if the function pthread_create exists in the pthreads failed with the following output:
Change Dir: /home/carmen/robocomp/components/GrupoAC/practica5/build/CMakeFiles/CMakeTmp

Run Build Command:"/usr/bin/make" "cmTC_8f9c2/fast"
/usr/bin/make -f CMakeFiles/cmTC_8f9c2.dir/build.make CMakeFiles/cmTC_8f9c2.dir/build
make[1]: se entra en el directorio '/home/carmen/robocomp/components/GrupoAC/practica5/build/CMakeFiles/CMakeTmp'
Building C object CMakeFiles/cmTC_8f9c2.dir/CheckFunctionExists.c.o
/usr/bin/cc   -DCHECK_FUNCTION_EXISTS=pthread_create   -o CMakeFiles/cmTC_8f9c2.dir/CheckFunctionExists.c.o   -c /usr/share/cmake-3.10/Modules/CheckFunctionExists.c
Linking C executable cmTC_8f9c2
/usr/bin/cmake -E cmake_link_script CMakeFiles/cmTC_8f9c2.dir/link.txt --verbose=1
/usr/bin/cc  -DCHECK_FUNCTION_EXISTS=pthread_create    -rdynamic CMakeFiles/cmTC_8f9c2.dir/CheckFunctionExists.c.o  -o cmTC_8f9c2 -lpthreads 
/usr/bin/x86_64-linux-gnu-ld: no se puede encontrar -lpthreads
collect2: error: ld returned 1 exit status
CMakeFiles/cmTC_8f9c2.dir/build.make:97: recipe for target 'cmTC_8f9c2' failed
make[1]: *** [cmTC_8f9c2] Error 1
make[1]: se sale del directorio '/home/carmen/robocomp/components/GrupoAC/practica5/build/CMakeFiles/CMakeTmp'
Makefile:126: recipe for target 'cmTC_8f9c2/fast' failed
make: *** [cmTC_8f9c2/fast] Error 2


Determining if the Q_WS_WIN exist failed with the following output:
Change Dir: /home/carmen/robocomp/components/GrupoAC/practica5/build/CMakeFiles/CMakeTmp

Run Build Command:"/usr/bin/make" "cmTC_b3e94/fast"
make[1]: Entering directory '/home/carmen/robocomp/components/GrupoAC/practica5/build/CMakeFiles/CMakeTmp'
/usr/bin/make -f CMakeFiles/cmTC_b3e94.dir/build.make CMakeFiles/cmTC_b3e94.dir/build
make[2]: Entering directory '/home/carmen/robocomp/components/GrupoAC/practica5/build/CMakeFiles/CMakeTmp'
Building CXX object CMakeFiles/cmTC_b3e94.dir/CheckSymbolExists.cxx.o
/usr/bin/c++   -I/usr/include/qt4   -o CMakeFiles/cmTC_b3e94.dir/CheckSymbolExists.cxx.o -c /home/carmen/robocomp/components/GrupoAC/practica5/build/CMakeFiles/CMakeTmp/CheckSymbolExists.cxx
/home/carmen/robocomp/components/GrupoAC/practica5/build/CMakeFiles/CMakeTmp/CheckSymbolExists.cxx: In function ‘int main(int, char**)’:
/home/carmen/robocomp/components/GrupoAC/practica5/build/CMakeFiles/CMakeTmp/CheckSymbolExists.cxx:8:19: error: ‘Q_WS_WIN’ was not declared in this scope
   return ((int*)(&Q_WS_WIN))[argc];
                   ^~~~~~~~
/home/carmen/robocomp/components/GrupoAC/practica5/build/CMakeFiles/CMakeTmp/CheckSymbolExists.cxx:8:19: note: suggested alternative: ‘Q_WS_X11’
   return ((int*)(&Q_WS_WIN))[argc];
                   ^~~~~~~~
                   Q_WS_X11
CMakeFiles/cmTC_b3e94.dir/build.make:65: recipe for target 'CMakeFiles/cmTC_b3e94.dir/CheckSymbolExists.cxx.o' failed
make[2]: *** [CMakeFiles/cmTC_b3e94.dir/CheckSymbolExists.cxx.o] Error 1
make[2]: Leaving directory '/home/carmen/robocomp/components/GrupoAC/practica5/build/CMakeFiles/CMakeTmp'
Makefile:126: recipe for target 'cmTC_b3e94/fast' failed
make[1]: *** [cmTC_b3e94/fast] Error 2
make[1]: Leaving directory '/home/carmen/robocomp/components/GrupoAC/practica5/build/CMakeFiles/CMakeTmp'

File /home/carmen/robocomp/components/GrupoAC/practica5/build/CMakeFiles/CMakeTmp/CheckSymbolExists.cxx:
/* */
#include <QtCore/qglobal.h>

int main(int argc, char** argv)
{
  (void)argv;
#ifndef Q_WS_WIN
  return ((int*)(&Q_WS_WIN))[argc];
#else
  (void)argc;
  return 0;
#endif
}

Determining if the Q_WS_QWS exist failed with the following output:
Change Dir: /home/carmen/robocomp/components/GrupoAC/practica5/build/CMakeFiles/CMakeTmp

Run Build Command:"/usr/bin/make" "cmTC_523e0/fast"
make[1]: Entering directory '/home/carmen/robocomp/components/GrupoAC/practica5/build/CMakeFiles/CMakeTmp'
/usr/bin/make -f CMakeFiles/cmTC_523e0.dir/build.make CMakeFiles/cmTC_523e0.dir/build
make[2]: Entering directory '/home/carmen/robocomp/components/GrupoAC/practica5/build/CMakeFiles/CMakeTmp'
Building CXX object CMakeFiles/cmTC_523e0.dir/CheckSymbolExists.cxx.o
/usr/bin/c++   -I/usr/include/qt4   -o CMakeFiles/cmTC_523e0.dir/CheckSymbolExists.cxx.o -c /home/carmen/robocomp/components/GrupoAC/practica5/build/CMakeFiles/CMakeTmp/CheckSymbolExists.cxx
/home/carmen/robocomp/components/GrupoAC/practica5/build/CMakeFiles/CMakeTmp/CheckSymbolExists.cxx: In function ‘int main(int, char**)’:
/home/carmen/robocomp/components/GrupoAC/practica5/build/CMakeFiles/CMakeTmp/CheckSymbolExists.cxx:8:19: error: ‘Q_WS_QWS’ was not declared in this scope
   return ((int*)(&Q_WS_QWS))[argc];
                   ^~~~~~~~
/home/carmen/robocomp/components/GrupoAC/practica5/build/CMakeFiles/CMakeTmp/CheckSymbolExists.cxx:8:19: note: suggested alternative: ‘Q_WS_X11’
   return ((int*)(&Q_WS_QWS))[argc];
                   ^~~~~~~~
                   Q_WS_X11
CMakeFiles/cmTC_523e0.dir/build.make:65: recipe for target 'CMakeFiles/cmTC_523e0.dir/CheckSymbolExists.cxx.o' failed
make[2]: *** [CMakeFiles/cmTC_523e0.dir/CheckSymbolExists.cxx.o] Error 1
make[2]: Leaving directory '/home/carmen/robocomp/components/GrupoAC/practica5/build/CMakeFiles/CMakeTmp'
Makefile:126: recipe for target 'cmTC_523e0/fast' failed
make[1]: *** [cmTC_523e0/fast] Error 2
make[1]: Leaving directory '/home/carmen/robocomp/components/GrupoAC/practica5/build/CMakeFiles/CMakeTmp'

File /home/carmen/robocomp/components/GrupoAC/practica5/build/CMakeFiles/CMakeTmp/CheckSymbolExists.cxx:
/* */
#include <QtCore/qglobal.h>

int main(int argc, char** argv)
{
  (void)argv;
#ifndef Q_WS_QWS
  return ((int*)(&Q_WS_QWS))[argc];
#else
  (void)argc;
  return 0;
#endif
}

Determining if the Q_WS_MAC exist failed with the following output:
Change Dir: /home/carmen/robocomp/components/GrupoAC/practica5/build/CMakeFiles/CMakeTmp

Run Build Command:"/usr/bin/make" "cmTC_8dc57/fast"
make[1]: Entering directory '/home/carmen/robocomp/components/GrupoAC/practica5/build/CMakeFiles/CMakeTmp'
/usr/bin/make -f CMakeFiles/cmTC_8dc57.dir/build.make CMakeFiles/cmTC_8dc57.dir/build
make[2]: Entering directory '/home/carmen/robocomp/components/GrupoAC/practica5/build/CMakeFiles/CMakeTmp'
Building CXX object CMakeFiles/cmTC_8dc57.dir/CheckSymbolExists.cxx.o
/usr/bin/c++   -I/usr/include/qt4   -o CMakeFiles/cmTC_8dc57.dir/CheckSymbolExists.cxx.o -c /home/carmen/robocomp/components/GrupoAC/practica5/build/CMakeFiles/CMakeTmp/CheckSymbolExists.cxx
/home/carmen/robocomp/components/GrupoAC/practica5/build/CMakeFiles/CMakeTmp/CheckSymbolExists.cxx: In function ‘int main(int, char**)’:
/home/carmen/robocomp/components/GrupoAC/practica5/build/CMakeFiles/CMakeTmp/CheckSymbolExists.cxx:8:19: error: ‘Q_WS_MAC’ was not declared in this scope
   return ((int*)(&Q_WS_MAC))[argc];
                   ^~~~~~~~
/home/carmen/robocomp/components/GrupoAC/practica5/build/CMakeFiles/CMakeTmp/CheckSymbolExists.cxx:8:19: note: suggested alternative: ‘Q_WS_X11’
   return ((int*)(&Q_WS_MAC))[argc];
                   ^~~~~~~~
                   Q_WS_X11
CMakeFiles/cmTC_8dc57.dir/build.make:65: recipe for target 'CMakeFiles/cmTC_8dc57.dir/CheckSymbolExists.cxx.o' failed
make[2]: *** [CMakeFiles/cmTC_8dc57.dir/CheckSymbolExists.cxx.o] Error 1
make[2]: Leaving directory '/home/carmen/robocomp/components/GrupoAC/practica5/build/CMakeFiles/CMakeTmp'
Makefile:126: recipe for target 'cmTC_8dc57/fast' failed
make[1]: *** [cmTC_8dc57/fast] Error 2
make[1]: Leaving directory '/home/carmen/robocomp/components/GrupoAC/practica5/build/CMakeFiles/CMakeTmp'

File /home/carmen/robocomp/components/GrupoAC/practica5/build/CMakeFiles/CMakeTmp/CheckSymbolExists.cxx:
/* */
#include <QtCore/qglobal.h>

int main(int argc, char** argv)
{
  (void)argv;
#ifndef Q_WS_MAC
  return ((int*)(&Q_WS_MAC))[argc];
#else
  (void)argc;
  return 0;
#endif
}

Determining if the pthread_create exist failed with the following output:
Change Dir: /home/carmen/robocomp/components/GrupoAC/practica5/build/CMakeFiles/CMakeTmp

Run Build Command:"/usr/bin/make" "cmTC_fd061/fast"
make[1]: Entering directory '/home/carmen/robocomp/components/GrupoAC/practica5/build/CMakeFiles/CMakeTmp'
/usr/bin/make -f CMakeFiles/cmTC_fd061.dir/build.make CMakeFiles/cmTC_fd061.dir/build
make[2]: Entering directory '/home/carmen/robocomp/components/GrupoAC/practica5/build/CMakeFiles/CMakeTmp'
Building C object CMakeFiles/cmTC_fd061.dir/CheckSymbolExists.c.o
/usr/bin/cc    -o CMakeFiles/cmTC_fd061.dir/CheckSymbolExists.c.o   -c /home/carmen/robocomp/components/GrupoAC/practica5/build/CMakeFiles/CMakeTmp/CheckSymbolExists.c
Linking C executable cmTC_fd061
/usr/bin/cmake -E cmake_link_script CMakeFiles/cmTC_fd061.dir/link.txt --verbose=1
/usr/bin/cc      -rdynamic CMakeFiles/cmTC_fd061.dir/CheckSymbolExists.c.o  -o cmTC_fd061 
CMakeFiles/cmTC_fd061.dir/CheckSymbolExists.c.o: In function `main':
CheckSymbolExists.c:(.text+0x1b): undefined reference to `pthread_create'
collect2: error: ld returned 1 exit status
CMakeFiles/cmTC_fd061.dir/build.make:97: recipe for target 'cmTC_fd061' failed
make[2]: *** [cmTC_fd061] Error 1
make[2]: Leaving directory '/home/carmen/robocomp/components/GrupoAC/practica5/build/CMakeFiles/CMakeTmp'
Makefile:126: recipe for target 'cmTC_fd061/fast' failed
make[1]: *** [cmTC_fd061/fast] Error 2
make[1]: Leaving directory '/home/carmen/robocomp/components/GrupoAC/practica5/build/CMakeFiles/CMakeTmp'

File /home/carmen/robocomp/components/GrupoAC/practica5/build/CMakeFiles/CMakeTmp/CheckSymbolExists.c:
/* */
#include <pthread.h>

int main(int argc, char** argv)
{
  (void)argv;
#ifndef pthread_create
  return ((int*)(&pthread_create))[argc];
#else
  (void)argc;
  return 0;
#endif
}

Determining if the function pthread_create exists in the pthreads failed with the following output:
Change Dir: /home/carmen/robocomp/components/GrupoAC/practica5/build/CMakeFiles/CMakeTmp

Run Build Command:"/usr/bin/make" "cmTC_4cb06/fast"
make[1]: Entering directory '/home/carmen/robocomp/components/GrupoAC/practica5/build/CMakeFiles/CMakeTmp'
/usr/bin/make -f CMakeFiles/cmTC_4cb06.dir/build.make CMakeFiles/cmTC_4cb06.dir/build
make[2]: Entering directory '/home/carmen/robocomp/components/GrupoAC/practica5/build/CMakeFiles/CMakeTmp'
Building C object CMakeFiles/cmTC_4cb06.dir/CheckFunctionExists.c.o
/usr/bin/cc   -DCHECK_FUNCTION_EXISTS=pthread_create   -o CMakeFiles/cmTC_4cb06.dir/CheckFunctionExists.c.o   -c /usr/share/cmake-3.10/Modules/CheckFunctionExists.c
Linking C executable cmTC_4cb06
/usr/bin/cmake -E cmake_link_script CMakeFiles/cmTC_4cb06.dir/link.txt --verbose=1
/usr/bin/cc  -DCHECK_FUNCTION_EXISTS=pthread_create    -rdynamic CMakeFiles/cmTC_4cb06.dir/CheckFunctionExists.c.o  -o cmTC_4cb06 -lpthreads 
/usr/bin/x86_64-linux-gnu-ld: cannot find -lpthreads
collect2: error: ld returned 1 exit status
CMakeFiles/cmTC_4cb06.dir/build.make:97: recipe for target 'cmTC_4cb06' failed
make[2]: *** [cmTC_4cb06] Error 1
make[2]: Leaving directory '/home/carmen/robocomp/components/GrupoAC/practica5/build/CMakeFiles/CMakeTmp'
Makefile:126: recipe for target 'cmTC_4cb06/fast' failed
make[1]: *** [cmTC_4cb06/fast] Error 2
make[1]: Leaving directory '/home/carmen/robocomp/components/GrupoAC/practica5/build/CMakeFiles/CMakeTmp'


